#
# There is insufficient memory for the Java Runtime Environment to continue.
# Native memory allocation (malloc) failed to allocate 992816 bytes for Chunk::new
# Possible reasons:
#   The system is out of physical RAM or swap space
#   In 32 bit mode, the process size limit was hit
# Possible solutions:
#   Reduce memory load on the system
#   Increase physical memory or swap space
#   Check if swap backing store is full
#   Use 64 bit Java on a 64 bit OS
#   Decrease Java heap size (-Xmx/-Xms)
#   Decrease number of Java threads
#   Decrease Java thread stack sizes (-Xss)
#   Set larger code cache with -XX:ReservedCodeCacheSize=
# This output file may be truncated or incomplete.
#
#  Out of Memory Error (allocation.cpp:390), pid=6320, tid=0x0000000000000e5c
#
# JRE version: Java(TM) SE Runtime Environment (8.0_92-b14) (build 1.8.0_92-b14)
# Java VM: Java HotSpot(TM) 64-Bit Server VM (25.92-b14 mixed mode windows-amd64 compressed oops)
# Failed to write core dump. Minidumps are not enabled by default on client versions of Windows
#

---------------  T H R E A D  ---------------

Current thread (0x0000000015afe800):  JavaThread "C2 CompilerThread0" daemon [_thread_in_native, id=3676, stack(0x0000000016db0000,0x0000000016eb0000)]

Stack: [0x0000000016db0000,0x0000000016eb0000]
[error occurred during error reporting (printing stack bounds), id 0xc0000005]

Native frames: (J=compiled Java code, j=interpreted, Vv=VM code, C=native code)


Current CompileTask:
C2:  11263 4033       4       java.net.URLClassLoader$1::run (5 bytes)


---------------  P R O C E S S  ---------------

Java Threads: ( => current thread )
  0x00000000192b8800 JavaThread "Thread-2" daemon [_thread_in_native, id=6840, stack(0x000000001c530000,0x000000001c630000)]
  0x000000001905b800 JavaThread "localhost-startStop-1" daemon [_thread_in_vm, id=1276, stack(0x000000001b0a0000,0x000000001b1a0000)]
  0x0000000018bc7000 JavaThread "Tomcat-startStop-1" daemon [_thread_blocked, id=5916, stack(0x00000000178e0000,0x00000000179e0000)]
  0x00000000171bd800 JavaThread "Monitor Ctrl-Break" daemon [_thread_in_native, id=7940, stack(0x0000000017a20000,0x0000000017b20000)]
  0x0000000015b0c800 JavaThread "Service Thread" daemon [_thread_blocked, id=7992, stack(0x0000000017080000,0x0000000017180000)]
  0x0000000015b00800 JavaThread "C1 CompilerThread1" daemon [_thread_blocked, id=6080, stack(0x0000000016c30000,0x0000000016d30000)]
=>0x0000000015afe800 JavaThread "C2 CompilerThread0" daemon [_thread_in_native, id=3676, stack(0x0000000016db0000,0x0000000016eb0000)]
  0x0000000015afd000 JavaThread "Attach Listener" daemon [_thread_blocked, id=6452, stack(0x0000000016b30000,0x0000000016c30000)]
  0x0000000015afc000 JavaThread "Signal Dispatcher" daemon [_thread_blocked, id=4740, stack(0x00000000169f0000,0x0000000016af0000)]
  0x0000000015ae4800 JavaThread "Finalizer" daemon [_thread_blocked, id=876, stack(0x00000000165c0000,0x00000000166c0000)]
  0x0000000015a97800 JavaThread "Reference Handler" daemon [_thread_blocked, id=2836, stack(0x0000000016830000,0x0000000016930000)]
  0x0000000001f9f000 JavaThread "main" [_thread_blocked, id=2260, stack(0x0000000002250000,0x0000000002350000)]

Other Threads:
  0x0000000015a8f800 VMThread [stack: 0x00000000166c0000,0x00000000167c0000] [id=8064]
  0x0000000017199000 WatcherThread [stack: 0x0000000016ef0000,0x0000000016ff0000] [id=6160]

VM state:not at safepoint (normal execution)

VM Mutex/Monitor currently owned by a thread: None

Heap:
 PSYoungGen      total 107008K, used 22849K [0x00000000e0000000, 0x00000000e7400000, 0x0000000100000000)
  eden space 96768K, 23% used [0x00000000e0000000,0x00000000e1650608,0x00000000e5e80000)
  from space 10240K, 0% used [0x00000000e5e80000,0x00000000e5e80000,0x00000000e6880000)
  to   space 8704K, 0% used [0x00000000e6880000,0x00000000e6880000,0x00000000e7100000)
 ParOldGen       total 116736K, used 27871K [0x00000000a0000000, 0x00000000a7200000, 0x00000000e0000000)
  object space 116736K, 23% used [0x00000000a0000000,0x00000000a1b37eb0,0x00000000a7200000)
 Metaspace       used 31950K, capacity 32482K, committed 32768K, reserved 1079296K
  class space    used 3826K, capacity 4031K, committed 4096K, reserved 1048576K

Card table byte_map: [0x0000000011710000,0x0000000011a20000] byte_map_base: 0x0000000011210000

Marking Bits: (ParMarkBitMap*) 0x000000006a7264f0
 Begin Bits: [0x0000000011e60000, 0x0000000013660000)
 End Bits:   [0x0000000013660000, 0x0000000014e60000)

Polling page: 0x00000000002f0000

CodeCache: size=245760Kb used=11675Kb max_used=11952Kb free=234084Kb
 bounds [0x0000000002350000, 0x0000000002fb0000, 0x0000000011350000]
 total_blobs=3982 nmethods=3566 adapters=330
 compilation: enabled

Compilation events (10 events):
Event: 10.997 Thread 0x0000000015b00800 nmethod 4028 0x00000000028baad0 code [0x00000000028bac40, 0x00000000028bafd0]
Event: 11.020 Thread 0x0000000015afe800 4029       4       sun.misc.ProxyGenerator$ConstantPool::getIndirect (67 bytes)
Event: 11.032 Thread 0x0000000015b00800 4030       1       sun.util.calendar.CalendarDate::isNormalized (5 bytes)
Event: 11.032 Thread 0x0000000015b00800 nmethod 4030 0x00000000028ba810 code [0x00000000028ba960, 0x00000000028baa70]
Event: 11.032 Thread 0x0000000015b00800 4031       1       sun.util.calendar.CalendarDate::getMonth (5 bytes)
Event: 11.032 Thread 0x0000000015b00800 nmethod 4031 0x00000000028ba550 code [0x00000000028ba6a0, 0x00000000028ba7b0]
Event: 11.032 Thread 0x0000000015b00800 4032       1       sun.util.calendar.CalendarDate::getDayOfMonth (5 bytes)
Event: 11.032 Thread 0x0000000015b00800 nmethod 4032 0x00000000028ba290 code [0x00000000028ba3e0, 0x00000000028ba4f0]
Event: 11.047 Thread 0x0000000015afe800 nmethod 4029 0x00000000024c17d0 code [0x00000000024c19c0, 0x00000000024c2938]
Event: 11.060 Thread 0x0000000015afe800 4033       4       java.net.URLClassLoader$1::run (5 bytes)

GC Heap History (10 events):
Event: 8.282 GC heap before
{Heap before GC invocations=10 (full 1):
 PSYoungGen      total 105472K, used 105460K [0x00000000e0000000, 0x00000000e7400000, 0x0000000100000000)
  eden space 96768K, 100% used [0x00000000e0000000,0x00000000e5e80000,0x00000000e5e80000)
  from space 8704K, 99% used [0x00000000e6880000,0x00000000e70fd238,0x00000000e7100000)
  to   space 10240K, 0% used [0x00000000e5e80000,0x00000000e5e80000,0x00000000e6880000)
 ParOldGen       total 55296K, used 33050K [0x00000000a0000000, 0x00000000a3600000, 0x00000000e0000000)
  object space 55296K, 59% used [0x00000000a0000000,0x00000000a2046830,0x00000000a3600000)
 Metaspace       used 23058K, capacity 23492K, committed 23680K, reserved 1071104K
  class space    used 2723K, capacity 2893K, committed 2944K, reserved 1048576K
Event: 8.311 GC heap after
Heap after GC invocations=10 (full 1):
 PSYoungGen      total 107008K, used 10232K [0x00000000e0000000, 0x00000000e7400000, 0x0000000100000000)
  eden space 96768K, 0% used [0x00000000e0000000,0x00000000e0000000,0x00000000e5e80000)
  from space 10240K, 99% used [0x00000000e5e80000,0x00000000e687e030,0x00000000e6880000)
  to   space 8704K, 0% used [0x00000000e6880000,0x00000000e6880000,0x00000000e7100000)
 ParOldGen       total 55296K, used 43984K [0x00000000a0000000, 0x00000000a3600000, 0x00000000e0000000)
  object space 55296K, 79% used [0x00000000a0000000,0x00000000a2af41c8,0x00000000a3600000)
 Metaspace       used 23058K, capacity 23492K, committed 23680K, reserved 1071104K
  class space    used 2723K, capacity 2893K, committed 2944K, reserved 1048576K
}
Event: 8.311 GC heap before
{Heap before GC invocations=11 (full 2):
 PSYoungGen      total 107008K, used 10232K [0x00000000e0000000, 0x00000000e7400000, 0x0000000100000000)
  eden space 96768K, 0% used [0x00000000e0000000,0x00000000e0000000,0x00000000e5e80000)
  from space 10240K, 99% used [0x00000000e5e80000,0x00000000e687e030,0x00000000e6880000)
  to   space 8704K, 0% used [0x00000000e6880000,0x00000000e6880000,0x00000000e7100000)
 ParOldGen       total 55296K, used 43984K [0x00000000a0000000, 0x00000000a3600000, 0x00000000e0000000)
  object space 55296K, 79% used [0x00000000a0000000,0x00000000a2af41c8,0x00000000a3600000)
 Metaspace       used 23058K, capacity 23492K, committed 23680K, reserved 1071104K
  class space    used 2723K, capacity 2893K, committed 2944K, reserved 1048576K
Event: 8.476 GC heap after
Heap after GC invocations=11 (full 2):
 PSYoungGen      total 107008K, used 0K [0x00000000e0000000, 0x00000000e7400000, 0x0000000100000000)
  eden space 96768K, 0% used [0x00000000e0000000,0x00000000e0000000,0x00000000e5e80000)
  from space 10240K, 0% used [0x00000000e5e80000,0x00000000e5e80000,0x00000000e6880000)
  to   space 8704K, 0% used [0x00000000e6880000,0x00000000e6880000,0x00000000e7100000)
 ParOldGen       total 99328K, used 31169K [0x00000000a0000000, 0x00000000a6100000, 0x00000000e0000000)
  object space 99328K, 31% used [0x00000000a0000000,0x00000000a1e70500,0x00000000a6100000)
 Metaspace       used 23058K, capacity 23492K, committed 23680K, reserved 1071104K
  class space    used 2723K, capacity 2893K, committed 2944K, reserved 1048576K
}
Event: 9.047 GC heap before
{Heap before GC invocations=12 (full 2):
 PSYoungGen      total 107008K, used 96768K [0x00000000e0000000, 0x00000000e7400000, 0x0000000100000000)
  eden space 96768K, 100% used [0x00000000e0000000,0x00000000e5e80000,0x00000000e5e80000)
  from space 10240K, 0% used [0x00000000e5e80000,0x00000000e5e80000,0x00000000e6880000)
  to   space 8704K, 0% used [0x00000000e6880000,0x00000000e6880000,0x00000000e7100000)
 ParOldGen       total 99328K, used 31169K [0x00000000a0000000, 0x00000000a6100000, 0x00000000e0000000)
  object space 99328K, 31% used [0x00000000a0000000,0x00000000a1e70500,0x00000000a6100000)
 Metaspace       used 23072K, capacity 23502K, committed 23680K, reserved 1071104K
  class space    used 2725K, capacity 2895K, committed 2944K, reserved 1048576K
Event: 9.084 GC heap after
Heap after GC invocations=12 (full 2):
 PSYoungGen      total 105472K, used 8685K [0x00000000e0000000, 0x00000000e7400000, 0x0000000100000000)
  eden space 96768K, 0% used [0x00000000e0000000,0x00000000e0000000,0x00000000e5e80000)
  from space 8704K, 99% used [0x00000000e6880000,0x00000000e70fb690,0x00000000e7100000)
  to   space 10240K, 0% used [0x00000000e5e80000,0x00000000e5e80000,0x00000000e6880000)
 ParOldGen       total 99328K, used 40535K [0x00000000a0000000, 0x00000000a6100000, 0x00000000e0000000)
  object space 99328K, 40% used [0x00000000a0000000,0x00000000a2795e50,0x00000000a6100000)
 Metaspace       used 23072K, capacity 23502K, committed 23680K, reserved 1071104K
  class space    used 2725K, capacity 2895K, committed 2944K, reserved 1048576K
}
Event: 10.134 GC heap before
{Heap before GC invocations=13 (full 2):
 PSYoungGen      total 105472K, used 104917K [0x00000000e0000000, 0x00000000e7400000, 0x0000000100000000)
  eden space 96768K, 99% used [0x00000000e0000000,0x00000000e5df9e10,0x00000000e5e80000)
  from space 8704K, 99% used [0x00000000e6880000,0x00000000e70fb690,0x00000000e7100000)
  to   space 10240K, 0% used [0x00000000e5e80000,0x00000000e5e80000,0x00000000e6880000)
 ParOldGen       total 99328K, used 40535K [0x00000000a0000000, 0x00000000a6100000, 0x00000000e0000000)
  object space 99328K, 40% used [0x00000000a0000000,0x00000000a2795e50,0x00000000a6100000)
 Metaspace       used 28021K, capacity 28502K, committed 28672K, reserved 1079296K
  class space    used 3368K, capacity 3581K, committed 3584K, reserved 1048576K
Event: 10.210 GC heap after
Heap after GC invocations=13 (full 2):
 PSYoungGen      total 107008K, used 10213K [0x00000000e0000000, 0x00000000e7400000, 0x0000000100000000)
  eden space 96768K, 0% used [0x00000000e0000000,0x00000000e0000000,0x00000000e5e80000)
  from space 10240K, 99% used [0x00000000e5e80000,0x00000000e68795d8,0x00000000e6880000)
  to   space 8704K, 0% used [0x00000000e6880000,0x00000000e6880000,0x00000000e7100000)
 ParOldGen       total 99328K, used 47981K [0x00000000a0000000, 0x00000000a6100000, 0x00000000e0000000)
  object space 99328K, 48% used [0x00000000a0000000,0x00000000a2edb500,0x00000000a6100000)
 Metaspace       used 28021K, capacity 28502K, committed 28672K, reserved 1079296K
  class space    used 3368K, capacity 3581K, committed 3584K, reserved 1048576K
}
Event: 10.210 GC heap before
{Heap before GC invocations=14 (full 3):
 PSYoungGen      total 107008K, used 10213K [0x00000000e0000000, 0x00000000e7400000, 0x0000000100000000)
  eden space 96768K, 0% used [0x00000000e0000000,0x00000000e0000000,0x00000000e5e80000)
  from space 10240K, 99% used [0x00000000e5e80000,0x00000000e68795d8,0x00000000e6880000)
  to   space 8704K, 0% used [0x00000000e6880000,0x00000000e6880000,0x00000000e7100000)
 ParOldGen       total 99328K, used 47981K [0x00000000a0000000, 0x00000000a6100000, 0x00000000e0000000)
  object space 99328K, 48% used [0x00000000a0000000,0x00000000a2edb500,0x00000000a6100000)
 Metaspace       used 28021K, capacity 28502K, committed 28672K, reserved 1079296K
  class space    used 3368K, capacity 3581K, committed 3584K, reserved 1048576K
Event: 10.441 GC heap after
Heap after GC invocations=14 (full 3):
 PSYoungGen      total 107008K, used 0K [0x00000000e0000000, 0x00000000e7400000, 0x0000000100000000)
  eden space 96768K, 0% used [0x00000000e0000000,0x00000000e0000000,0x00000000e5e80000)
  from space 10240K, 0% used [0x00000000e5e80000,0x00000000e5e80000,0x00000000e6880000)
  to   space 8704K, 0% used [0x00000000e6880000,0x00000000e6880000,0x00000000e7100000)
 ParOldGen       total 116736K, used 27871K [0x00000000a0000000, 0x00000000a7200000, 0x00000000e0000000)
  object space 116736K, 23% used [0x00000000a0000000,0x00000000a1b37eb0,0x00000000a7200000)
 Metaspace       used 28021K, capacity 28502K, committed 28672K, reserved 1077248K
  class space    used 3368K, capacity 3581K, committed 3584K, reserved 1048576K
}

Deoptimization events (10 events):
Event: 6.867 Thread 0x000000001905b800 Uncommon trap: reason=unstable_if action=reinterpret pc=0x0000000002cf5f98 method=org.codehaus.plexus.classworlds.realm.Entry.matches(Ljava/lang/String;)Z @ 209
Event: 6.876 Thread 0x000000001905b800 Uncommon trap: reason=unstable_if action=reinterpret pc=0x0000000002e9d120 method=java.util.HashMap.removeNode(ILjava/lang/Object;Ljava/lang/Object;ZZ)Ljava/util/HashMap$Node; @ 71
Event: 7.370 Thread 0x000000001905b800 Uncommon trap: reason=unloaded action=reinterpret pc=0x0000000002f1d26c method=org.apache.tomcat.util.bcel.classfile.Attribute.readAttribute(Ljava/io/DataInputStream;Lorg/apache/tomcat/util/bcel/classfile/ConstantPool;)Lorg/apache/tomcat/util/bcel/classfil’·2∏˜‚@
Event: 7.722 Thread 0x0000000015ae4800 Uncommon trap: reason=unstable_if action=reinterpret pc=0x0000000002d31848 method=java.util.WeakHashMap.eq(Ljava/lang/Object;Ljava/lang/Object;)Z @ 10
Event: 8.494 Thread 0x000000001905b800 Uncommon trap: reason=unloaded action=reinterpret pc=0x0000000002f5b1c4 method=org.apache.tomcat.util.bcel.classfile.Attribute.readAttribute(Ljava/io/DataInputStream;Lorg/apache/tomcat/util/bcel/classfile/ConstantPool;)Lorg/apache/tomcat/util/bcel/classfilÈ\ˆêï¸"@
Event: 9.493 Thread 0x000000001905b800 Uncommon trap: reason=unstable_if action=reinterpret pc=0x0000000002e417bc method=com.sun.org.apache.xerces.internal.impl.XMLEntityScanner.scanContent(Lcom/sun/org/apache/xerces/internal/xni/XMLString;)I @ 385
Event: 9.498 Thread 0x000000001905b800 Uncommon trap: reason=unstable_if action=reinterpret pc=0x0000000002e45178 method=com.sun.org.apache.xerces.internal.impl.XMLEntityScanner.scanName()Ljava/lang/String; @ 69
Event: 10.122 Thread 0x000000001905b800 Uncommon trap: reason=unstable_if action=reinterpret pc=0x0000000002d7f2f4 method=java.util.zip.ZipFile$ZipFileInputStream.read([BII)I @ 24
Event: 10.458 Thread 0x000000001905b800 Uncommon trap: reason=unstable_if action=reinterpret pc=0x0000000002a19730 method=java.util.Hashtable$Enumerator.nextElement()Ljava/lang/Object; @ 16
Event: 10.836 Thread 0x000000001905b800 Uncommon trap: reason=unstable_if action=reinterpret pc=0x0000000002c93794 method=java.util.ArrayList.remove(Ljava/lang/Object;)Z @ 59

Internal exceptions (10 events):
Event: 2.411 Thread 0x0000000001f9f000 Implicit null exception at 0x00000000026aba3b to 0x00000000026abfad
Event: 2.512 Thread 0x0000000001f9f000 Implicit null exception at 0x0000000002917591 to 0x0000000002918581
Event: 5.007 Thread 0x0000000001f9f000 Exception <a 'java/io/FileNotFoundException'> (0x00000000e1d46a30) thrown at [D:\re\workspace\8-2-build-windows-amd64-cygwin\jdk8u92\6642\hotspot\src\share\vm\prims\jni.cpp, line 709]
Event: 6.037 Thread 0x000000001905b800 Implicit null exception at 0x000000000262a5d6 to 0x000000000262a8fd
Event: 6.037 Thread 0x000000001905b800 Implicit null exception at 0x000000000256d1d6 to 0x000000000256d4e9
Event: 9.641 Thread 0x000000001905b800 Exception <a 'java/lang/NoSuchFieldError': method resolution failed> (0x00000000e4e57880) thrown at [D:\re\workspace\8-2-build-windows-amd64-cygwin\jdk8u92\6642\hotspot\src\share\vm\prims\methodHandles.cpp, line 1146]
Event: 9.645 Thread 0x000000001905b800 Exception <a 'java/lang/NoSuchFieldError': method resolution failed> (0x00000000e4e64f40) thrown at [D:\re\workspace\8-2-build-windows-amd64-cygwin\jdk8u92\6642\hotspot\src\share\vm\prims\methodHandles.cpp, line 1146]
Event: 9.828 Thread 0x000000001905b800 Exception <a 'java/io/FileNotFoundException'> (0x00000000e5235208) thrown at [D:\re\workspace\8-2-build-windows-amd64-cygwin\jdk8u92\6642\hotspot\src\share\vm\prims\jni.cpp, line 709]
Event: 10.008 Thread 0x000000001905b800 Exception <a 'java/io/FileNotFoundException'> (0x00000000e5a07f30) thrown at [D:\re\workspace\8-2-build-windows-amd64-cygwin\jdk8u92\6642\hotspot\src\share\vm\prims\jni.cpp, line 709]
Event: 10.458 Thread 0x000000001905b800 Implicit null exception at 0x0000000002a196a0 to 0x0000000002a19711

Events (10 events):
Event: 11.246 loading class com/fasterxml/jackson/databind/deser/std/ContainerDeserializerBase
Event: 11.246 loading class com/fasterxml/jackson/databind/deser/std/ContainerDeserializerBase done
Event: 11.247 loading class com/fasterxml/jackson/databind/deser/std/EnumSetDeserializer
Event: 11.247 loading class com/fasterxml/jackson/databind/deser/std/EnumSetDeserializer done
Event: 11.248 loading class com/fasterxml/jackson/databind/deser/AbstractDeserializer
Event: 11.248 loading class com/fasterxml/jackson/databind/deser/AbstractDeserializer done
Event: 11.249 loading class com/fasterxml/jackson/databind/deser/std/ArrayBlockingQueueDeserializer
Event: 11.249 loading class com/fasterxml/jackson/databind/deser/std/ArrayBlockingQueueDeserializer done
Event: 11.249 loading class com/fasterxml/jackson/databind/deser/std/CollectionDeserializer
Event: 11.249 loading class com/fasterxml/jackson/databind/deser/std/CollectionDeserializer done


Dynamic libraries:
0x000000013fd90000 - 0x000000013fdc7000 	C:\Program Files\Java\jdk1.8.0_92\bin\java.exe
0x0000000077380000 - 0x000000007752a000 	C:\Windows\SYSTEM32\ntdll.dll
0x0000000077260000 - 0x000000007737f000 	C:\Windows\system32\kernel32.dll
0x000007fefd0e0000 - 0x000007fefd14a000 	C:\Windows\system32\KERNELBASE.dll
0x000007fefd700000 - 0x000007fefd7db000 	C:\Windows\system32\ADVAPI32.dll
0x000007fefe1a0000 - 0x000007fefe23f000 	C:\Windows\system32\msvcrt.dll
0x000007fefe300000 - 0x000007fefe31f000 	C:\Windows\SYSTEM32\sechost.dll
0x000007feff4e0000 - 0x000007feff60d000 	C:\Windows\system32\RPCRT4.dll
0x0000000077160000 - 0x000000007725a000 	C:\Windows\system32\USER32.dll
0x000007fefd7e0000 - 0x000007fefd847000 	C:\Windows\system32\GDI32.dll
0x000007fefdbe0000 - 0x000007fefdbee000 	C:\Windows\system32\LPK.dll
0x000007fefe380000 - 0x000007fefe44b000 	C:\Windows\system32\USP10.dll
0x000007fefb490000 - 0x000007fefb684000 	C:\Windows\WinSxS\amd64_microsoft.windows.common-controls_6595b64144ccf1df_6.0.7601.18837_none_fa3b1e3d17594757\COMCTL32.dll
0x000007feff610000 - 0x000007feff681000 	C:\Windows\system32\SHLWAPI.dll
0x000007feff280000 - 0x000007feff2ae000 	C:\Windows\system32\IMM32.DLL
0x000007fefd860000 - 0x000007fefd969000 	C:\Windows\system32\MSCTF.dll
0x000007fefcf80000 - 0x000007fefcfdd000 	C:\PROGRA~1\Citrix\System32\MFAPHOOK64.DLL
0x000007fefcea0000 - 0x000007fefced2000 	C:\Program Files\Citrix\ICAService\picaFullScreenHookX64.dll
0x000007fefc7a0000 - 0x000007fefc7d6000 	C:\Program Files\Citrix\ICAService\ShellHook64.dll
0x000007fefdbf0000 - 0x000007fefddec000 	C:\Windows\system32\ole32.dll
0x000007fefe4f0000 - 0x000007feff27b000 	C:\Windows\system32\SHELL32.dll
0x000007fefcd20000 - 0x000007fefce99000 	C:\Program Files\Citrix\ICAService\SCardHook64.dll
0x000007fefccf0000 - 0x000007fefcd1a000 	C:\Program Files\Citrix\ICAService\cxinjime64.dll
0x000007fefcca0000 - 0x000007fefcced000 	C:\Program Files\Citrix\ICAService\PicaWtsHook64.dll
0x000000006c140000 - 0x000000006c212000 	C:\Program Files\Java\jdk1.8.0_92\jre\bin\msvcr100.dll
0x0000000069f10000 - 0x000000006a7a6000 	C:\Program Files\Java\jdk1.8.0_92\jre\bin\server\jvm.dll
0x000007fef9b00000 - 0x000007fef9b09000 	C:\Windows\system32\WSOCK32.dll
0x000007feff2b0000 - 0x000007feff2fd000 	C:\Windows\system32\WS2_32.dll
0x000007fefd850000 - 0x000007fefd858000 	C:\Windows\system32\NSI.dll
0x000007fef91c0000 - 0x000007fef91fb000 	C:\Windows\system32\WINMM.dll
0x000007fefcb30000 - 0x000007fefcb3c000 	C:\Windows\system32\VERSION.dll
0x0000000077550000 - 0x0000000077557000 	C:\Windows\system32\PSAPI.DLL
0x0000000070670000 - 0x000000007067f000 	C:\Program Files\Java\jdk1.8.0_92\jre\bin\verify.dll
0x000000006f4c0000 - 0x000000006f4e9000 	C:\Program Files\Java\jdk1.8.0_92\jre\bin\java.dll
0x00000000700f0000 - 0x0000000070106000 	C:\Program Files\Java\jdk1.8.0_92\jre\bin\zip.dll
0x000007fefd080000 - 0x000007fefd08f000 	C:\Windows\system32\profapi.dll
0x000007fef9b10000 - 0x000007fef9b20000 	C:\Program Files (x86)\JetBrains\IntelliJ IDEA 2016.3.4\bin\breakgen64.dll
0x000000006ff50000 - 0x000000006ff6a000 	C:\Program Files\Java\jdk1.8.0_92\jre\bin\net.dll
0x000007fefc070000 - 0x000007fefc0c5000 	C:\Windows\system32\mswsock.dll
0x000007fefc060000 - 0x000007fefc067000 	C:\Windows\System32\wship6.dll
0x000000006f920000 - 0x000000006f931000 	C:\Program Files\Java\jdk1.8.0_92\jre\bin\nio.dll
0x000007fefc0d0000 - 0x000007fefc0e8000 	C:\Windows\system32\CRYPTSP.dll
0x000007fefbdd0000 - 0x000007fefbe17000 	C:\Windows\system32\rsaenh.dll
0x000007fefd150000 - 0x000007fefd16e000 	C:\Windows\system32\USERENV.dll
0x000007fefcb20000 - 0x000007fefcb2f000 	C:\Windows\system32\CRYPTBASE.dll
0x000007fefa9b0000 - 0x000007fefa9d7000 	C:\Windows\system32\IPHLPAPI.DLL
0x000007fefa9a0000 - 0x000007fefa9ab000 	C:\Windows\system32\WINNSI.DLL
0x000007fef8c60000 - 0x000007fef8c71000 	C:\Windows\system32\dhcpcsvc6.DLL
0x000007fef8bd0000 - 0x000007fef8be8000 	C:\Windows\system32\dhcpcsvc.DLL
0x0000000070660000 - 0x000000007066d000 	C:\Program Files\Java\jdk1.8.0_92\jre\bin\management.dll

VM Arguments:
jvm_args: -Dmaven.multiModuleProjectDirectory=P:\Users\dp-ptcstd-15\IdeaProjects\movieland -Dmaven.home=C:\Program Files (x86)\JetBrains\IntelliJ IDEA 2016.3.4\plugins\maven\lib\maven3 -Dclassworlds.conf=C:\Program Files (x86)\JetBrains\IntelliJ IDEA 2016.3.4\plugins\maven\lib\maven3\bin\m2.conf -Didea.launcher.port=7537 -Didea.launcher.bin.path=C:\Program Files (x86)\JetBrains\IntelliJ IDEA 2016.3.4\bin -Dfile.encoding=UTF-8 
java_command: com.intellij.rt.execution.application.AppMain org.codehaus.classworlds.Launcher -Didea.version=2016.3.4 org.apache.tomcat.maven:tomcat7-maven-plugin:2.2:run
java_class_path (initial): C:\Program Files (x86)\JetBrains\IntelliJ IDEA 2016.3.4\plugins\maven\lib\maven3\boot\plexus-classworlds-2.5.2.jar;C:\Program Files (x86)\JetBrains\IntelliJ IDEA 2016.3.4\lib\idea_rt.jar
Launcher Type: SUN_STANDARD

Environment Variables:
JAVA_HOME=C:\Program Files\Java\jdk1.8.0_92
PATH=C:\Program Files\Java\jdk1.8.0_92\bin
USERNAME=dp-ptcstd-15
OS=Windows_NT
PROCESSOR_IDENTIFIER=Intel64 Family 6 Model 63 Stepping 2, GenuineIntel



---------------  S Y S T E M  ---------------

OS: Windows 7 , 64 bit Build 7601 (6.1.7601.23807)

CPU:total 2 (2 cores per cpu, 1 threads per core) family 6 model 63 stepping 2, cmov, cx8, fxsr, mmx, sse, sse2, sse3, tsc

Memory: 4k page, physical 6291000k(1197800k free), swap 6289140k(5160k free)

vm_info: Java HotSpot(TM) 64-Bit Server VM (25.92-b14) for windows-amd64 JRE (1.8.0_92-b14), built on Mar 31 2016 21:03:04 by "java_re" with MS VC++ 10.0 (VS2010)

time: Tue Oct 31 08:47:05 2017
elapsed time: 11 seconds (0d 0h 0m 11s)

